[2023-01-06T05:19:02.254+0000] {taskinstance.py:1087} INFO - Dependencies all met for <TaskInstance: example_bash_operator.runme_1 scheduled__2023-01-05T00:00:00+00:00 [queued]>
[2023-01-06T05:19:02.303+0000] {taskinstance.py:1087} INFO - Dependencies all met for <TaskInstance: example_bash_operator.runme_1 scheduled__2023-01-05T00:00:00+00:00 [queued]>
[2023-01-06T05:19:02.304+0000] {taskinstance.py:1283} INFO - 
--------------------------------------------------------------------------------
[2023-01-06T05:19:02.306+0000] {taskinstance.py:1284} INFO - Starting attempt 1 of 1
[2023-01-06T05:19:02.307+0000] {taskinstance.py:1285} INFO - 
--------------------------------------------------------------------------------
[2023-01-06T05:19:02.341+0000] {taskinstance.py:1304} INFO - Executing <Task(BashOperator): runme_1> on 2023-01-05 00:00:00+00:00
[2023-01-06T05:19:02.353+0000] {standard_task_runner.py:55} INFO - Started process 65783 to run task
[2023-01-06T05:19:02.361+0000] {standard_task_runner.py:82} INFO - Running: ['***', 'tasks', 'run', 'example_bash_operator', 'runme_1', 'scheduled__2023-01-05T00:00:00+00:00', '--job-id', '43', '--raw', '--subdir', '/home/***/.local/lib/python3.7/site-packages/***/example_dags/example_bash_operator.py', '--cfg-path', '/tmp/tmpw3rmbvyl']
[2023-01-06T05:19:02.363+0000] {standard_task_runner.py:83} INFO - Job 43: Subtask runme_1
[2023-01-06T05:19:02.521+0000] {task_command.py:389} INFO - Running <TaskInstance: example_bash_operator.runme_1 scheduled__2023-01-05T00:00:00+00:00 [running]> on host 42006a8ba3a3
[2023-01-06T05:19:02.718+0000] {taskinstance.py:1513} INFO - Exporting the following env vars:
AIRFLOW_CTX_DAG_OWNER=***
AIRFLOW_CTX_DAG_ID=example_bash_operator
AIRFLOW_CTX_TASK_ID=runme_1
AIRFLOW_CTX_EXECUTION_DATE=2023-01-05T00:00:00+00:00
AIRFLOW_CTX_TRY_NUMBER=1
AIRFLOW_CTX_DAG_RUN_ID=scheduled__2023-01-05T00:00:00+00:00
[2023-01-06T05:19:02.724+0000] {subprocess.py:63} INFO - Tmp dir root location: 
 /tmp
[2023-01-06T05:19:02.727+0000] {subprocess.py:75} INFO - Running command: ['/bin/bash', '-c', 'echo "example_bash_operator__runme_1__20230105" && sleep 1']
[2023-01-06T05:19:02.759+0000] {subprocess.py:86} INFO - Output:
[2023-01-06T05:19:02.774+0000] {subprocess.py:93} INFO - example_bash_operator__runme_1__20230105
[2023-01-06T05:19:03.778+0000] {subprocess.py:97} INFO - Command exited with return code 0
[2023-01-06T05:19:03.831+0000] {taskinstance.py:1327} INFO - Marking task as SUCCESS. dag_id=example_bash_operator, task_id=runme_1, execution_date=20230105T000000, start_date=20230106T051902, end_date=20230106T051903
[2023-01-06T05:19:03.907+0000] {local_task_job.py:159} INFO - Task exited with return code 0
[2023-01-06T05:19:04.008+0000] {taskinstance.py:2582} INFO - 0 downstream tasks scheduled from follow-on schedule check
