[2023-01-03T10:51:49.162+0000] {taskinstance.py:1087} INFO - Dependencies all met for <TaskInstance: example_bash_operator.run_after_loop manual__2023-01-03T10:51:43.705038+00:00 [queued]>
[2023-01-03T10:51:49.186+0000] {taskinstance.py:1087} INFO - Dependencies all met for <TaskInstance: example_bash_operator.run_after_loop manual__2023-01-03T10:51:43.705038+00:00 [queued]>
[2023-01-03T10:51:49.187+0000] {taskinstance.py:1283} INFO - 
--------------------------------------------------------------------------------
[2023-01-03T10:51:49.188+0000] {taskinstance.py:1284} INFO - Starting attempt 1 of 1
[2023-01-03T10:51:49.189+0000] {taskinstance.py:1285} INFO - 
--------------------------------------------------------------------------------
[2023-01-03T10:51:49.215+0000] {taskinstance.py:1304} INFO - Executing <Task(BashOperator): run_after_loop> on 2023-01-03 10:51:43.705038+00:00
[2023-01-03T10:51:49.224+0000] {standard_task_runner.py:55} INFO - Started process 2050 to run task
[2023-01-03T10:51:49.229+0000] {standard_task_runner.py:82} INFO - Running: ['***', 'tasks', 'run', 'example_bash_operator', 'run_after_loop', 'manual__2023-01-03T10:51:43.705038+00:00', '--job-id', '20', '--raw', '--subdir', '/home/***/.local/lib/python3.7/site-packages/***/example_dags/example_bash_operator.py', '--cfg-path', '/tmp/tmpcigh2tah']
[2023-01-03T10:51:49.230+0000] {standard_task_runner.py:83} INFO - Job 20: Subtask run_after_loop
[2023-01-03T10:51:49.328+0000] {task_command.py:389} INFO - Running <TaskInstance: example_bash_operator.run_after_loop manual__2023-01-03T10:51:43.705038+00:00 [running]> on host 42006a8ba3a3
[2023-01-03T10:51:49.426+0000] {taskinstance.py:1513} INFO - Exporting the following env vars:
AIRFLOW_CTX_DAG_OWNER=***
AIRFLOW_CTX_DAG_ID=example_bash_operator
AIRFLOW_CTX_TASK_ID=run_after_loop
AIRFLOW_CTX_EXECUTION_DATE=2023-01-03T10:51:43.705038+00:00
AIRFLOW_CTX_TRY_NUMBER=1
AIRFLOW_CTX_DAG_RUN_ID=manual__2023-01-03T10:51:43.705038+00:00
[2023-01-03T10:51:49.428+0000] {subprocess.py:63} INFO - Tmp dir root location: 
 /tmp
[2023-01-03T10:51:49.430+0000] {subprocess.py:75} INFO - Running command: ['/bin/bash', '-c', 'echo 1']
[2023-01-03T10:51:49.445+0000] {subprocess.py:86} INFO - Output:
[2023-01-03T10:51:49.447+0000] {subprocess.py:93} INFO - 1
[2023-01-03T10:51:49.448+0000] {subprocess.py:97} INFO - Command exited with return code 0
[2023-01-03T10:51:49.486+0000] {taskinstance.py:1327} INFO - Marking task as SUCCESS. dag_id=example_bash_operator, task_id=run_after_loop, execution_date=20230103T105143, start_date=20230103T105149, end_date=20230103T105149
[2023-01-03T10:51:49.522+0000] {local_task_job.py:159} INFO - Task exited with return code 0
[2023-01-03T10:51:49.552+0000] {taskinstance.py:2582} INFO - 0 downstream tasks scheduled from follow-on schedule check
