[2023-01-10T09:00:06.006+0000] {taskinstance.py:1087} INFO - Dependencies all met for <TaskInstance: example_bash_operator.runme_0 scheduled__2023-01-09T00:00:00+00:00 [queued]>
[2023-01-10T09:00:06.031+0000] {taskinstance.py:1087} INFO - Dependencies all met for <TaskInstance: example_bash_operator.runme_0 scheduled__2023-01-09T00:00:00+00:00 [queued]>
[2023-01-10T09:00:06.032+0000] {taskinstance.py:1283} INFO - 
--------------------------------------------------------------------------------
[2023-01-10T09:00:06.033+0000] {taskinstance.py:1284} INFO - Starting attempt 1 of 1
[2023-01-10T09:00:06.040+0000] {taskinstance.py:1285} INFO - 
--------------------------------------------------------------------------------
[2023-01-10T09:00:06.078+0000] {taskinstance.py:1304} INFO - Executing <Task(BashOperator): runme_0> on 2023-01-09 00:00:00+00:00
[2023-01-10T09:00:06.092+0000] {standard_task_runner.py:55} INFO - Started process 16248 to run task
[2023-01-10T09:00:06.106+0000] {standard_task_runner.py:82} INFO - Running: ['***', 'tasks', 'run', 'example_bash_operator', 'runme_0', 'scheduled__2023-01-09T00:00:00+00:00', '--job-id', '70', '--raw', '--subdir', '/home/***/.local/lib/python3.7/site-packages/***/example_dags/example_bash_operator.py', '--cfg-path', '/tmp/tmp3v0mh7ua']
[2023-01-10T09:00:06.108+0000] {standard_task_runner.py:83} INFO - Job 70: Subtask runme_0
[2023-01-10T09:00:06.346+0000] {task_command.py:389} INFO - Running <TaskInstance: example_bash_operator.runme_0 scheduled__2023-01-09T00:00:00+00:00 [running]> on host 42006a8ba3a3
[2023-01-10T09:00:06.627+0000] {taskinstance.py:1513} INFO - Exporting the following env vars:
AIRFLOW_CTX_DAG_OWNER=***
AIRFLOW_CTX_DAG_ID=example_bash_operator
AIRFLOW_CTX_TASK_ID=runme_0
AIRFLOW_CTX_EXECUTION_DATE=2023-01-09T00:00:00+00:00
AIRFLOW_CTX_TRY_NUMBER=1
AIRFLOW_CTX_DAG_RUN_ID=scheduled__2023-01-09T00:00:00+00:00
[2023-01-10T09:00:06.635+0000] {subprocess.py:63} INFO - Tmp dir root location: 
 /tmp
[2023-01-10T09:00:06.638+0000] {subprocess.py:75} INFO - Running command: ['/bin/bash', '-c', 'echo "example_bash_operator__runme_0__20230109" && sleep 1']
[2023-01-10T09:00:06.697+0000] {subprocess.py:86} INFO - Output:
[2023-01-10T09:00:06.710+0000] {subprocess.py:93} INFO - example_bash_operator__runme_0__20230109
[2023-01-10T09:00:07.722+0000] {subprocess.py:97} INFO - Command exited with return code 0
[2023-01-10T09:00:07.774+0000] {taskinstance.py:1327} INFO - Marking task as SUCCESS. dag_id=example_bash_operator, task_id=runme_0, execution_date=20230109T000000, start_date=20230110T090006, end_date=20230110T090007
[2023-01-10T09:00:07.825+0000] {local_task_job.py:159} INFO - Task exited with return code 0
[2023-01-10T09:00:07.893+0000] {taskinstance.py:2582} INFO - 0 downstream tasks scheduled from follow-on schedule check
