[2023-01-09T03:36:27.152+0000] {taskinstance.py:1087} INFO - Dependencies all met for <TaskInstance: example_bash_operator.run_after_loop scheduled__2023-01-08T00:00:00+00:00 [queued]>
[2023-01-09T03:36:27.163+0000] {taskinstance.py:1087} INFO - Dependencies all met for <TaskInstance: example_bash_operator.run_after_loop scheduled__2023-01-08T00:00:00+00:00 [queued]>
[2023-01-09T03:36:27.164+0000] {taskinstance.py:1283} INFO - 
--------------------------------------------------------------------------------
[2023-01-09T03:36:27.165+0000] {taskinstance.py:1284} INFO - Starting attempt 1 of 1
[2023-01-09T03:36:27.165+0000] {taskinstance.py:1285} INFO - 
--------------------------------------------------------------------------------
[2023-01-09T03:36:27.180+0000] {taskinstance.py:1304} INFO - Executing <Task(BashOperator): run_after_loop> on 2023-01-08 00:00:00+00:00
[2023-01-09T03:36:27.185+0000] {standard_task_runner.py:55} INFO - Started process 92614 to run task
[2023-01-09T03:36:27.189+0000] {standard_task_runner.py:82} INFO - Running: ['***', 'tasks', 'run', 'example_bash_operator', 'run_after_loop', 'scheduled__2023-01-08T00:00:00+00:00', '--job-id', '62', '--raw', '--subdir', '/home/***/.local/lib/python3.7/site-packages/***/example_dags/example_bash_operator.py', '--cfg-path', '/tmp/tmpq1b8knef']
[2023-01-09T03:36:27.190+0000] {standard_task_runner.py:83} INFO - Job 62: Subtask run_after_loop
[2023-01-09T03:36:27.268+0000] {task_command.py:389} INFO - Running <TaskInstance: example_bash_operator.run_after_loop scheduled__2023-01-08T00:00:00+00:00 [running]> on host 42006a8ba3a3
[2023-01-09T03:36:27.346+0000] {taskinstance.py:1513} INFO - Exporting the following env vars:
AIRFLOW_CTX_DAG_OWNER=***
AIRFLOW_CTX_DAG_ID=example_bash_operator
AIRFLOW_CTX_TASK_ID=run_after_loop
AIRFLOW_CTX_EXECUTION_DATE=2023-01-08T00:00:00+00:00
AIRFLOW_CTX_TRY_NUMBER=1
AIRFLOW_CTX_DAG_RUN_ID=scheduled__2023-01-08T00:00:00+00:00
[2023-01-09T03:36:27.348+0000] {subprocess.py:63} INFO - Tmp dir root location: 
 /tmp
[2023-01-09T03:36:27.349+0000] {subprocess.py:75} INFO - Running command: ['/bin/bash', '-c', 'echo 1']
[2023-01-09T03:36:27.363+0000] {subprocess.py:86} INFO - Output:
[2023-01-09T03:36:27.364+0000] {subprocess.py:93} INFO - 1
[2023-01-09T03:36:27.365+0000] {subprocess.py:97} INFO - Command exited with return code 0
[2023-01-09T03:36:27.396+0000] {taskinstance.py:1327} INFO - Marking task as SUCCESS. dag_id=example_bash_operator, task_id=run_after_loop, execution_date=20230108T000000, start_date=20230109T033627, end_date=20230109T033627
[2023-01-09T03:36:27.442+0000] {local_task_job.py:159} INFO - Task exited with return code 0
[2023-01-09T03:36:27.465+0000] {taskinstance.py:2582} INFO - 0 downstream tasks scheduled from follow-on schedule check
