[2023-01-03T10:51:24.732+0000] {taskinstance.py:1087} INFO - Dependencies all met for <TaskInstance: example_bash_operator.runme_0 scheduled__2023-01-02T00:00:00+00:00 [queued]>
[2023-01-03T10:51:24.772+0000] {taskinstance.py:1087} INFO - Dependencies all met for <TaskInstance: example_bash_operator.runme_0 scheduled__2023-01-02T00:00:00+00:00 [queued]>
[2023-01-03T10:51:24.775+0000] {taskinstance.py:1283} INFO - 
--------------------------------------------------------------------------------
[2023-01-03T10:51:24.781+0000] {taskinstance.py:1284} INFO - Starting attempt 1 of 1
[2023-01-03T10:51:24.785+0000] {taskinstance.py:1285} INFO - 
--------------------------------------------------------------------------------
[2023-01-03T10:51:24.863+0000] {taskinstance.py:1304} INFO - Executing <Task(BashOperator): runme_0> on 2023-01-02 00:00:00+00:00
[2023-01-03T10:51:24.886+0000] {standard_task_runner.py:55} INFO - Started process 1988 to run task
[2023-01-03T10:51:24.924+0000] {standard_task_runner.py:82} INFO - Running: ['***', 'tasks', 'run', 'example_bash_operator', 'runme_0', 'scheduled__2023-01-02T00:00:00+00:00', '--job-id', '11', '--raw', '--subdir', '/home/***/.local/lib/python3.7/site-packages/***/example_dags/example_bash_operator.py', '--cfg-path', '/tmp/tmp3x59060t']
[2023-01-03T10:51:24.931+0000] {standard_task_runner.py:83} INFO - Job 11: Subtask runme_0
[2023-01-03T10:51:25.255+0000] {task_command.py:389} INFO - Running <TaskInstance: example_bash_operator.runme_0 scheduled__2023-01-02T00:00:00+00:00 [running]> on host 42006a8ba3a3
[2023-01-03T10:51:25.421+0000] {taskinstance.py:1513} INFO - Exporting the following env vars:
AIRFLOW_CTX_DAG_OWNER=***
AIRFLOW_CTX_DAG_ID=example_bash_operator
AIRFLOW_CTX_TASK_ID=runme_0
AIRFLOW_CTX_EXECUTION_DATE=2023-01-02T00:00:00+00:00
AIRFLOW_CTX_TRY_NUMBER=1
AIRFLOW_CTX_DAG_RUN_ID=scheduled__2023-01-02T00:00:00+00:00
[2023-01-03T10:51:25.424+0000] {subprocess.py:63} INFO - Tmp dir root location: 
 /tmp
[2023-01-03T10:51:25.427+0000] {subprocess.py:75} INFO - Running command: ['/bin/bash', '-c', 'echo "example_bash_operator__runme_0__20230102" && sleep 1']
[2023-01-03T10:51:25.444+0000] {subprocess.py:86} INFO - Output:
[2023-01-03T10:51:25.449+0000] {subprocess.py:93} INFO - example_bash_operator__runme_0__20230102
[2023-01-03T10:51:26.454+0000] {subprocess.py:97} INFO - Command exited with return code 0
[2023-01-03T10:51:26.492+0000] {taskinstance.py:1327} INFO - Marking task as SUCCESS. dag_id=example_bash_operator, task_id=runme_0, execution_date=20230102T000000, start_date=20230103T105124, end_date=20230103T105126
[2023-01-03T10:51:26.533+0000] {local_task_job.py:159} INFO - Task exited with return code 0
[2023-01-03T10:51:26.586+0000] {taskinstance.py:2582} INFO - 1 downstream tasks scheduled from follow-on schedule check
