[2023-01-09T10:20:17.656+0000] {taskinstance.py:1087} INFO - Dependencies all met for <TaskInstance: example_bash_operator.runme_1 manual__2023-01-09T10:20:15.542718+00:00 [queued]>
[2023-01-09T10:20:17.684+0000] {taskinstance.py:1087} INFO - Dependencies all met for <TaskInstance: example_bash_operator.runme_1 manual__2023-01-09T10:20:15.542718+00:00 [queued]>
[2023-01-09T10:20:17.686+0000] {taskinstance.py:1283} INFO - 
--------------------------------------------------------------------------------
[2023-01-09T10:20:17.690+0000] {taskinstance.py:1284} INFO - Starting attempt 1 of 1
[2023-01-09T10:20:17.691+0000] {taskinstance.py:1285} INFO - 
--------------------------------------------------------------------------------
[2023-01-09T10:20:17.751+0000] {taskinstance.py:1304} INFO - Executing <Task(BashOperator): runme_1> on 2023-01-09 10:20:15.542718+00:00
[2023-01-09T10:20:17.765+0000] {standard_task_runner.py:55} INFO - Started process 96509 to run task
[2023-01-09T10:20:17.780+0000] {standard_task_runner.py:82} INFO - Running: ['***', 'tasks', 'run', 'example_bash_operator', 'runme_1', 'manual__2023-01-09T10:20:15.542718+00:00', '--job-id', '67', '--raw', '--subdir', '/home/***/.local/lib/python3.7/site-packages/***/example_dags/example_bash_operator.py', '--cfg-path', '/tmp/tmpnnlbn3a2']
[2023-01-09T10:20:17.791+0000] {standard_task_runner.py:83} INFO - Job 67: Subtask runme_1
[2023-01-09T10:20:17.975+0000] {task_command.py:389} INFO - Running <TaskInstance: example_bash_operator.runme_1 manual__2023-01-09T10:20:15.542718+00:00 [running]> on host 42006a8ba3a3
[2023-01-09T10:20:18.153+0000] {taskinstance.py:1513} INFO - Exporting the following env vars:
AIRFLOW_CTX_DAG_OWNER=***
AIRFLOW_CTX_DAG_ID=example_bash_operator
AIRFLOW_CTX_TASK_ID=runme_1
AIRFLOW_CTX_EXECUTION_DATE=2023-01-09T10:20:15.542718+00:00
AIRFLOW_CTX_TRY_NUMBER=1
AIRFLOW_CTX_DAG_RUN_ID=manual__2023-01-09T10:20:15.542718+00:00
[2023-01-09T10:20:18.159+0000] {subprocess.py:63} INFO - Tmp dir root location: 
 /tmp
[2023-01-09T10:20:18.160+0000] {subprocess.py:75} INFO - Running command: ['/bin/bash', '-c', 'echo "example_bash_operator__runme_1__20230109" && sleep 1']
[2023-01-09T10:20:18.188+0000] {subprocess.py:86} INFO - Output:
[2023-01-09T10:20:18.191+0000] {subprocess.py:93} INFO - example_bash_operator__runme_1__20230109
[2023-01-09T10:20:19.193+0000] {subprocess.py:97} INFO - Command exited with return code 0
[2023-01-09T10:20:19.228+0000] {taskinstance.py:1327} INFO - Marking task as SUCCESS. dag_id=example_bash_operator, task_id=runme_1, execution_date=20230109T102015, start_date=20230109T102017, end_date=20230109T102019
[2023-01-09T10:20:19.294+0000] {local_task_job.py:159} INFO - Task exited with return code 0
[2023-01-09T10:20:19.326+0000] {taskinstance.py:2582} INFO - 1 downstream tasks scheduled from follow-on schedule check
