[2023-01-09T03:36:22.686+0000] {taskinstance.py:1087} INFO - Dependencies all met for <TaskInstance: example_bash_operator.also_run_this scheduled__2023-01-08T00:00:00+00:00 [queued]>
[2023-01-09T03:36:22.716+0000] {taskinstance.py:1087} INFO - Dependencies all met for <TaskInstance: example_bash_operator.also_run_this scheduled__2023-01-08T00:00:00+00:00 [queued]>
[2023-01-09T03:36:22.717+0000] {taskinstance.py:1283} INFO - 
--------------------------------------------------------------------------------
[2023-01-09T03:36:22.718+0000] {taskinstance.py:1284} INFO - Starting attempt 1 of 1
[2023-01-09T03:36:22.719+0000] {taskinstance.py:1285} INFO - 
--------------------------------------------------------------------------------
[2023-01-09T03:36:22.750+0000] {taskinstance.py:1304} INFO - Executing <Task(BashOperator): also_run_this> on 2023-01-08 00:00:00+00:00
[2023-01-09T03:36:22.761+0000] {standard_task_runner.py:55} INFO - Started process 92600 to run task
[2023-01-09T03:36:22.779+0000] {standard_task_runner.py:82} INFO - Running: ['***', 'tasks', 'run', 'example_bash_operator', 'also_run_this', 'scheduled__2023-01-08T00:00:00+00:00', '--job-id', '60', '--raw', '--subdir', '/home/***/.local/lib/python3.7/site-packages/***/example_dags/example_bash_operator.py', '--cfg-path', '/tmp/tmpz7d3nb0u']
[2023-01-09T03:36:22.781+0000] {standard_task_runner.py:83} INFO - Job 60: Subtask also_run_this
[2023-01-09T03:36:23.840+0000] {task_command.py:389} INFO - Running <TaskInstance: example_bash_operator.also_run_this scheduled__2023-01-08T00:00:00+00:00 [running]> on host 42006a8ba3a3
[2023-01-09T03:36:24.192+0000] {taskinstance.py:1513} INFO - Exporting the following env vars:
AIRFLOW_CTX_DAG_OWNER=***
AIRFLOW_CTX_DAG_ID=example_bash_operator
AIRFLOW_CTX_TASK_ID=also_run_this
AIRFLOW_CTX_EXECUTION_DATE=2023-01-08T00:00:00+00:00
AIRFLOW_CTX_TRY_NUMBER=1
AIRFLOW_CTX_DAG_RUN_ID=scheduled__2023-01-08T00:00:00+00:00
[2023-01-09T03:36:24.195+0000] {subprocess.py:63} INFO - Tmp dir root location: 
 /tmp
[2023-01-09T03:36:24.196+0000] {subprocess.py:75} INFO - Running command: ['/bin/bash', '-c', 'echo "ti_key=example_bash_operator__also_run_this__20230108"']
[2023-01-09T03:36:24.227+0000] {subprocess.py:86} INFO - Output:
[2023-01-09T03:36:24.232+0000] {subprocess.py:93} INFO - ti_key=example_bash_operator__also_run_this__20230108
[2023-01-09T03:36:24.237+0000] {subprocess.py:97} INFO - Command exited with return code 0
[2023-01-09T03:36:24.350+0000] {taskinstance.py:1327} INFO - Marking task as SUCCESS. dag_id=example_bash_operator, task_id=also_run_this, execution_date=20230108T000000, start_date=20230109T033622, end_date=20230109T033624
[2023-01-09T03:36:24.448+0000] {local_task_job.py:159} INFO - Task exited with return code 0
[2023-01-09T03:36:24.513+0000] {taskinstance.py:2582} INFO - 0 downstream tasks scheduled from follow-on schedule check
