[2023-01-03T10:52:07.906+0000] {taskinstance.py:1087} INFO - Dependencies all met for <TaskInstance: example_bash_operator.run_after_loop manual__2023-01-03T10:52:03.472434+00:00 [queued]>
[2023-01-03T10:52:07.919+0000] {taskinstance.py:1087} INFO - Dependencies all met for <TaskInstance: example_bash_operator.run_after_loop manual__2023-01-03T10:52:03.472434+00:00 [queued]>
[2023-01-03T10:52:07.920+0000] {taskinstance.py:1283} INFO - 
--------------------------------------------------------------------------------
[2023-01-03T10:52:07.921+0000] {taskinstance.py:1284} INFO - Starting attempt 1 of 1
[2023-01-03T10:52:07.922+0000] {taskinstance.py:1285} INFO - 
--------------------------------------------------------------------------------
[2023-01-03T10:52:07.941+0000] {taskinstance.py:1304} INFO - Executing <Task(BashOperator): run_after_loop> on 2023-01-03 10:52:03.472434+00:00
[2023-01-03T10:52:07.947+0000] {standard_task_runner.py:55} INFO - Started process 2087 to run task
[2023-01-03T10:52:07.951+0000] {standard_task_runner.py:82} INFO - Running: ['***', 'tasks', 'run', 'example_bash_operator', 'run_after_loop', 'manual__2023-01-03T10:52:03.472434+00:00', '--job-id', '26', '--raw', '--subdir', '/home/***/.local/lib/python3.7/site-packages/***/example_dags/example_bash_operator.py', '--cfg-path', '/tmp/tmp_qd9zz3r']
[2023-01-03T10:52:07.953+0000] {standard_task_runner.py:83} INFO - Job 26: Subtask run_after_loop
[2023-01-03T10:52:08.033+0000] {task_command.py:389} INFO - Running <TaskInstance: example_bash_operator.run_after_loop manual__2023-01-03T10:52:03.472434+00:00 [running]> on host 42006a8ba3a3
[2023-01-03T10:52:08.110+0000] {taskinstance.py:1513} INFO - Exporting the following env vars:
AIRFLOW_CTX_DAG_OWNER=***
AIRFLOW_CTX_DAG_ID=example_bash_operator
AIRFLOW_CTX_TASK_ID=run_after_loop
AIRFLOW_CTX_EXECUTION_DATE=2023-01-03T10:52:03.472434+00:00
AIRFLOW_CTX_TRY_NUMBER=1
AIRFLOW_CTX_DAG_RUN_ID=manual__2023-01-03T10:52:03.472434+00:00
[2023-01-03T10:52:08.112+0000] {subprocess.py:63} INFO - Tmp dir root location: 
 /tmp
[2023-01-03T10:52:08.113+0000] {subprocess.py:75} INFO - Running command: ['/bin/bash', '-c', 'echo 1']
[2023-01-03T10:52:08.125+0000] {subprocess.py:86} INFO - Output:
[2023-01-03T10:52:08.127+0000] {subprocess.py:93} INFO - 1
[2023-01-03T10:52:08.128+0000] {subprocess.py:97} INFO - Command exited with return code 0
[2023-01-03T10:52:08.157+0000] {taskinstance.py:1327} INFO - Marking task as SUCCESS. dag_id=example_bash_operator, task_id=run_after_loop, execution_date=20230103T105203, start_date=20230103T105207, end_date=20230103T105208
[2023-01-03T10:52:08.204+0000] {local_task_job.py:159} INFO - Task exited with return code 0
[2023-01-03T10:52:08.224+0000] {taskinstance.py:2582} INFO - 0 downstream tasks scheduled from follow-on schedule check
