[2023-01-09T10:20:17.433+0000] {taskinstance.py:1087} INFO - Dependencies all met for <TaskInstance: example_bash_operator.runme_2 manual__2023-01-09T10:20:15.542718+00:00 [queued]>
[2023-01-09T10:20:17.462+0000] {taskinstance.py:1087} INFO - Dependencies all met for <TaskInstance: example_bash_operator.runme_2 manual__2023-01-09T10:20:15.542718+00:00 [queued]>
[2023-01-09T10:20:17.466+0000] {taskinstance.py:1283} INFO - 
--------------------------------------------------------------------------------
[2023-01-09T10:20:17.469+0000] {taskinstance.py:1284} INFO - Starting attempt 1 of 1
[2023-01-09T10:20:17.475+0000] {taskinstance.py:1285} INFO - 
--------------------------------------------------------------------------------
[2023-01-09T10:20:17.525+0000] {taskinstance.py:1304} INFO - Executing <Task(BashOperator): runme_2> on 2023-01-09 10:20:15.542718+00:00
[2023-01-09T10:20:17.547+0000] {standard_task_runner.py:55} INFO - Started process 96506 to run task
[2023-01-09T10:20:17.570+0000] {standard_task_runner.py:82} INFO - Running: ['***', 'tasks', 'run', 'example_bash_operator', 'runme_2', 'manual__2023-01-09T10:20:15.542718+00:00', '--job-id', '64', '--raw', '--subdir', '/home/***/.local/lib/python3.7/site-packages/***/example_dags/example_bash_operator.py', '--cfg-path', '/tmp/tmp1qi43pvv']
[2023-01-09T10:20:17.573+0000] {standard_task_runner.py:83} INFO - Job 64: Subtask runme_2
[2023-01-09T10:20:17.816+0000] {task_command.py:389} INFO - Running <TaskInstance: example_bash_operator.runme_2 manual__2023-01-09T10:20:15.542718+00:00 [running]> on host 42006a8ba3a3
[2023-01-09T10:20:18.018+0000] {taskinstance.py:1513} INFO - Exporting the following env vars:
AIRFLOW_CTX_DAG_OWNER=***
AIRFLOW_CTX_DAG_ID=example_bash_operator
AIRFLOW_CTX_TASK_ID=runme_2
AIRFLOW_CTX_EXECUTION_DATE=2023-01-09T10:20:15.542718+00:00
AIRFLOW_CTX_TRY_NUMBER=1
AIRFLOW_CTX_DAG_RUN_ID=manual__2023-01-09T10:20:15.542718+00:00
[2023-01-09T10:20:18.023+0000] {subprocess.py:63} INFO - Tmp dir root location: 
 /tmp
[2023-01-09T10:20:18.026+0000] {subprocess.py:75} INFO - Running command: ['/bin/bash', '-c', 'echo "example_bash_operator__runme_2__20230109" && sleep 1']
[2023-01-09T10:20:18.068+0000] {subprocess.py:86} INFO - Output:
[2023-01-09T10:20:18.074+0000] {subprocess.py:93} INFO - example_bash_operator__runme_2__20230109
[2023-01-09T10:20:19.082+0000] {subprocess.py:97} INFO - Command exited with return code 0
[2023-01-09T10:20:19.118+0000] {taskinstance.py:1327} INFO - Marking task as SUCCESS. dag_id=example_bash_operator, task_id=runme_2, execution_date=20230109T102015, start_date=20230109T102017, end_date=20230109T102019
[2023-01-09T10:20:19.163+0000] {local_task_job.py:159} INFO - Task exited with return code 0
[2023-01-09T10:20:19.200+0000] {taskinstance.py:2582} INFO - 0 downstream tasks scheduled from follow-on schedule check
