[2023-01-09T03:36:23.018+0000] {taskinstance.py:1087} INFO - Dependencies all met for <TaskInstance: example_bash_operator.runme_1 scheduled__2023-01-08T00:00:00+00:00 [queued]>
[2023-01-09T03:36:23.134+0000] {taskinstance.py:1087} INFO - Dependencies all met for <TaskInstance: example_bash_operator.runme_1 scheduled__2023-01-08T00:00:00+00:00 [queued]>
[2023-01-09T03:36:23.141+0000] {taskinstance.py:1283} INFO - 
--------------------------------------------------------------------------------
[2023-01-09T03:36:23.144+0000] {taskinstance.py:1284} INFO - Starting attempt 1 of 1
[2023-01-09T03:36:23.146+0000] {taskinstance.py:1285} INFO - 
--------------------------------------------------------------------------------
[2023-01-09T03:36:23.226+0000] {taskinstance.py:1304} INFO - Executing <Task(BashOperator): runme_1> on 2023-01-08 00:00:00+00:00
[2023-01-09T03:36:23.279+0000] {standard_task_runner.py:55} INFO - Started process 92601 to run task
[2023-01-09T03:36:23.401+0000] {standard_task_runner.py:82} INFO - Running: ['***', 'tasks', 'run', 'example_bash_operator', 'runme_1', 'scheduled__2023-01-08T00:00:00+00:00', '--job-id', '61', '--raw', '--subdir', '/home/***/.local/lib/python3.7/site-packages/***/example_dags/example_bash_operator.py', '--cfg-path', '/tmp/tmptv8kmz_e']
[2023-01-09T03:36:23.455+0000] {standard_task_runner.py:83} INFO - Job 61: Subtask runme_1
[2023-01-09T03:36:24.016+0000] {task_command.py:389} INFO - Running <TaskInstance: example_bash_operator.runme_1 scheduled__2023-01-08T00:00:00+00:00 [running]> on host 42006a8ba3a3
[2023-01-09T03:36:24.430+0000] {taskinstance.py:1513} INFO - Exporting the following env vars:
AIRFLOW_CTX_DAG_OWNER=***
AIRFLOW_CTX_DAG_ID=example_bash_operator
AIRFLOW_CTX_TASK_ID=runme_1
AIRFLOW_CTX_EXECUTION_DATE=2023-01-08T00:00:00+00:00
AIRFLOW_CTX_TRY_NUMBER=1
AIRFLOW_CTX_DAG_RUN_ID=scheduled__2023-01-08T00:00:00+00:00
[2023-01-09T03:36:24.434+0000] {subprocess.py:63} INFO - Tmp dir root location: 
 /tmp
[2023-01-09T03:36:24.437+0000] {subprocess.py:75} INFO - Running command: ['/bin/bash', '-c', 'echo "example_bash_operator__runme_1__20230108" && sleep 1']
[2023-01-09T03:36:24.507+0000] {subprocess.py:86} INFO - Output:
[2023-01-09T03:36:24.511+0000] {subprocess.py:93} INFO - example_bash_operator__runme_1__20230108
[2023-01-09T03:36:25.515+0000] {subprocess.py:97} INFO - Command exited with return code 0
[2023-01-09T03:36:25.560+0000] {taskinstance.py:1327} INFO - Marking task as SUCCESS. dag_id=example_bash_operator, task_id=runme_1, execution_date=20230108T000000, start_date=20230109T033623, end_date=20230109T033625
[2023-01-09T03:36:25.630+0000] {local_task_job.py:159} INFO - Task exited with return code 0
[2023-01-09T03:36:25.658+0000] {taskinstance.py:2582} INFO - 1 downstream tasks scheduled from follow-on schedule check
