[2023-01-08T03:00:14.657+0000] {taskinstance.py:1087} INFO - Dependencies all met for <TaskInstance: example_bash_operator.run_after_loop scheduled__2023-01-07T00:00:00+00:00 [queued]>
[2023-01-08T03:00:14.671+0000] {taskinstance.py:1087} INFO - Dependencies all met for <TaskInstance: example_bash_operator.run_after_loop scheduled__2023-01-07T00:00:00+00:00 [queued]>
[2023-01-08T03:00:14.672+0000] {taskinstance.py:1283} INFO - 
--------------------------------------------------------------------------------
[2023-01-08T03:00:14.672+0000] {taskinstance.py:1284} INFO - Starting attempt 1 of 1
[2023-01-08T03:00:14.673+0000] {taskinstance.py:1285} INFO - 
--------------------------------------------------------------------------------
[2023-01-08T03:00:14.694+0000] {taskinstance.py:1304} INFO - Executing <Task(BashOperator): run_after_loop> on 2023-01-07 00:00:00+00:00
[2023-01-08T03:00:14.701+0000] {standard_task_runner.py:55} INFO - Started process 88281 to run task
[2023-01-08T03:00:14.708+0000] {standard_task_runner.py:82} INFO - Running: ['***', 'tasks', 'run', 'example_bash_operator', 'run_after_loop', 'scheduled__2023-01-07T00:00:00+00:00', '--job-id', '56', '--raw', '--subdir', '/home/***/.local/lib/python3.7/site-packages/***/example_dags/example_bash_operator.py', '--cfg-path', '/tmp/tmpx2y128ig']
[2023-01-08T03:00:14.709+0000] {standard_task_runner.py:83} INFO - Job 56: Subtask run_after_loop
[2023-01-08T03:00:14.799+0000] {task_command.py:389} INFO - Running <TaskInstance: example_bash_operator.run_after_loop scheduled__2023-01-07T00:00:00+00:00 [running]> on host 42006a8ba3a3
[2023-01-08T03:00:14.876+0000] {taskinstance.py:1513} INFO - Exporting the following env vars:
AIRFLOW_CTX_DAG_OWNER=***
AIRFLOW_CTX_DAG_ID=example_bash_operator
AIRFLOW_CTX_TASK_ID=run_after_loop
AIRFLOW_CTX_EXECUTION_DATE=2023-01-07T00:00:00+00:00
AIRFLOW_CTX_TRY_NUMBER=1
AIRFLOW_CTX_DAG_RUN_ID=scheduled__2023-01-07T00:00:00+00:00
[2023-01-08T03:00:14.878+0000] {subprocess.py:63} INFO - Tmp dir root location: 
 /tmp
[2023-01-08T03:00:14.879+0000] {subprocess.py:75} INFO - Running command: ['/bin/bash', '-c', 'echo 1']
[2023-01-08T03:00:14.892+0000] {subprocess.py:86} INFO - Output:
[2023-01-08T03:00:14.895+0000] {subprocess.py:93} INFO - 1
[2023-01-08T03:00:14.896+0000] {subprocess.py:97} INFO - Command exited with return code 0
[2023-01-08T03:00:14.925+0000] {taskinstance.py:1327} INFO - Marking task as SUCCESS. dag_id=example_bash_operator, task_id=run_after_loop, execution_date=20230107T000000, start_date=20230108T030014, end_date=20230108T030014
[2023-01-08T03:00:14.959+0000] {local_task_job.py:159} INFO - Task exited with return code 0
[2023-01-08T03:00:14.981+0000] {taskinstance.py:2582} INFO - 0 downstream tasks scheduled from follow-on schedule check
