[2023-01-09T03:36:22.232+0000] {taskinstance.py:1087} INFO - Dependencies all met for <TaskInstance: example_bash_operator.runme_0 scheduled__2023-01-08T00:00:00+00:00 [queued]>
[2023-01-09T03:36:22.310+0000] {taskinstance.py:1087} INFO - Dependencies all met for <TaskInstance: example_bash_operator.runme_0 scheduled__2023-01-08T00:00:00+00:00 [queued]>
[2023-01-09T03:36:22.312+0000] {taskinstance.py:1283} INFO - 
--------------------------------------------------------------------------------
[2023-01-09T03:36:22.313+0000] {taskinstance.py:1284} INFO - Starting attempt 1 of 1
[2023-01-09T03:36:22.315+0000] {taskinstance.py:1285} INFO - 
--------------------------------------------------------------------------------
[2023-01-09T03:36:22.386+0000] {taskinstance.py:1304} INFO - Executing <Task(BashOperator): runme_0> on 2023-01-08 00:00:00+00:00
[2023-01-09T03:36:22.416+0000] {standard_task_runner.py:55} INFO - Started process 92598 to run task
[2023-01-09T03:36:22.440+0000] {standard_task_runner.py:82} INFO - Running: ['***', 'tasks', 'run', 'example_bash_operator', 'runme_0', 'scheduled__2023-01-08T00:00:00+00:00', '--job-id', '57', '--raw', '--subdir', '/home/***/.local/lib/python3.7/site-packages/***/example_dags/example_bash_operator.py', '--cfg-path', '/tmp/tmp0x0kxr7y']
[2023-01-09T03:36:22.449+0000] {standard_task_runner.py:83} INFO - Job 57: Subtask runme_0
[2023-01-09T03:36:22.781+0000] {task_command.py:389} INFO - Running <TaskInstance: example_bash_operator.runme_0 scheduled__2023-01-08T00:00:00+00:00 [running]> on host 42006a8ba3a3
[2023-01-09T03:36:23.214+0000] {taskinstance.py:1513} INFO - Exporting the following env vars:
AIRFLOW_CTX_DAG_OWNER=***
AIRFLOW_CTX_DAG_ID=example_bash_operator
AIRFLOW_CTX_TASK_ID=runme_0
AIRFLOW_CTX_EXECUTION_DATE=2023-01-08T00:00:00+00:00
AIRFLOW_CTX_TRY_NUMBER=1
AIRFLOW_CTX_DAG_RUN_ID=scheduled__2023-01-08T00:00:00+00:00
[2023-01-09T03:36:23.365+0000] {subprocess.py:63} INFO - Tmp dir root location: 
 /tmp
[2023-01-09T03:36:23.367+0000] {subprocess.py:75} INFO - Running command: ['/bin/bash', '-c', 'echo "example_bash_operator__runme_0__20230108" && sleep 1']
[2023-01-09T03:36:23.510+0000] {subprocess.py:86} INFO - Output:
[2023-01-09T03:36:23.517+0000] {subprocess.py:93} INFO - example_bash_operator__runme_0__20230108
[2023-01-09T03:36:24.520+0000] {subprocess.py:97} INFO - Command exited with return code 0
[2023-01-09T03:36:24.613+0000] {taskinstance.py:1327} INFO - Marking task as SUCCESS. dag_id=example_bash_operator, task_id=runme_0, execution_date=20230108T000000, start_date=20230109T033622, end_date=20230109T033624
[2023-01-09T03:36:24.668+0000] {local_task_job.py:159} INFO - Task exited with return code 0
[2023-01-09T03:36:24.755+0000] {taskinstance.py:2582} INFO - 0 downstream tasks scheduled from follow-on schedule check
