[2023-01-03T10:51:24.756+0000] {taskinstance.py:1087} INFO - Dependencies all met for <TaskInstance: example_bash_operator.runme_2 manual__2023-01-03T10:51:20.499192+00:00 [queued]>
[2023-01-03T10:51:24.805+0000] {taskinstance.py:1087} INFO - Dependencies all met for <TaskInstance: example_bash_operator.runme_2 manual__2023-01-03T10:51:20.499192+00:00 [queued]>
[2023-01-03T10:51:24.806+0000] {taskinstance.py:1283} INFO - 
--------------------------------------------------------------------------------
[2023-01-03T10:51:24.807+0000] {taskinstance.py:1284} INFO - Starting attempt 1 of 1
[2023-01-03T10:51:24.815+0000] {taskinstance.py:1285} INFO - 
--------------------------------------------------------------------------------
[2023-01-03T10:51:24.874+0000] {taskinstance.py:1304} INFO - Executing <Task(BashOperator): runme_2> on 2023-01-03 10:51:20.499192+00:00
[2023-01-03T10:51:24.893+0000] {standard_task_runner.py:55} INFO - Started process 1989 to run task
[2023-01-03T10:51:24.912+0000] {standard_task_runner.py:82} INFO - Running: ['***', 'tasks', 'run', 'example_bash_operator', 'runme_2', 'manual__2023-01-03T10:51:20.499192+00:00', '--job-id', '12', '--raw', '--subdir', '/home/***/.local/lib/python3.7/site-packages/***/example_dags/example_bash_operator.py', '--cfg-path', '/tmp/tmpls_qij25']
[2023-01-03T10:51:24.914+0000] {standard_task_runner.py:83} INFO - Job 12: Subtask runme_2
[2023-01-03T10:51:25.228+0000] {task_command.py:389} INFO - Running <TaskInstance: example_bash_operator.runme_2 manual__2023-01-03T10:51:20.499192+00:00 [running]> on host 42006a8ba3a3
[2023-01-03T10:51:25.423+0000] {taskinstance.py:1513} INFO - Exporting the following env vars:
AIRFLOW_CTX_DAG_OWNER=***
AIRFLOW_CTX_DAG_ID=example_bash_operator
AIRFLOW_CTX_TASK_ID=runme_2
AIRFLOW_CTX_EXECUTION_DATE=2023-01-03T10:51:20.499192+00:00
AIRFLOW_CTX_TRY_NUMBER=1
AIRFLOW_CTX_DAG_RUN_ID=manual__2023-01-03T10:51:20.499192+00:00
[2023-01-03T10:51:25.427+0000] {subprocess.py:63} INFO - Tmp dir root location: 
 /tmp
[2023-01-03T10:51:25.429+0000] {subprocess.py:75} INFO - Running command: ['/bin/bash', '-c', 'echo "example_bash_operator__runme_2__20230103" && sleep 1']
[2023-01-03T10:51:25.470+0000] {subprocess.py:86} INFO - Output:
[2023-01-03T10:51:25.472+0000] {subprocess.py:93} INFO - example_bash_operator__runme_2__20230103
[2023-01-03T10:51:26.474+0000] {subprocess.py:97} INFO - Command exited with return code 0
[2023-01-03T10:51:26.511+0000] {taskinstance.py:1327} INFO - Marking task as SUCCESS. dag_id=example_bash_operator, task_id=runme_2, execution_date=20230103T105120, start_date=20230103T105124, end_date=20230103T105126
[2023-01-03T10:51:26.584+0000] {local_task_job.py:159} INFO - Task exited with return code 0
[2023-01-03T10:51:26.649+0000] {taskinstance.py:2582} INFO - 1 downstream tasks scheduled from follow-on schedule check
