[2023-01-09T10:20:17.310+0000] {taskinstance.py:1087} INFO - Dependencies all met for <TaskInstance: example_bash_operator.also_run_this manual__2023-01-09T10:20:15.542718+00:00 [queued]>
[2023-01-09T10:20:17.347+0000] {taskinstance.py:1087} INFO - Dependencies all met for <TaskInstance: example_bash_operator.also_run_this manual__2023-01-09T10:20:15.542718+00:00 [queued]>
[2023-01-09T10:20:17.348+0000] {taskinstance.py:1283} INFO - 
--------------------------------------------------------------------------------
[2023-01-09T10:20:17.350+0000] {taskinstance.py:1284} INFO - Starting attempt 1 of 1
[2023-01-09T10:20:17.351+0000] {taskinstance.py:1285} INFO - 
--------------------------------------------------------------------------------
[2023-01-09T10:20:17.407+0000] {taskinstance.py:1304} INFO - Executing <Task(BashOperator): also_run_this> on 2023-01-09 10:20:15.542718+00:00
[2023-01-09T10:20:17.427+0000] {standard_task_runner.py:55} INFO - Started process 96505 to run task
[2023-01-09T10:20:17.452+0000] {standard_task_runner.py:82} INFO - Running: ['***', 'tasks', 'run', 'example_bash_operator', 'also_run_this', 'manual__2023-01-09T10:20:15.542718+00:00', '--job-id', '63', '--raw', '--subdir', '/home/***/.local/lib/python3.7/site-packages/***/example_dags/example_bash_operator.py', '--cfg-path', '/tmp/tmpsxuors0s']
[2023-01-09T10:20:17.460+0000] {standard_task_runner.py:83} INFO - Job 63: Subtask also_run_this
[2023-01-09T10:20:17.721+0000] {task_command.py:389} INFO - Running <TaskInstance: example_bash_operator.also_run_this manual__2023-01-09T10:20:15.542718+00:00 [running]> on host 42006a8ba3a3
[2023-01-09T10:20:17.905+0000] {taskinstance.py:1513} INFO - Exporting the following env vars:
AIRFLOW_CTX_DAG_OWNER=***
AIRFLOW_CTX_DAG_ID=example_bash_operator
AIRFLOW_CTX_TASK_ID=also_run_this
AIRFLOW_CTX_EXECUTION_DATE=2023-01-09T10:20:15.542718+00:00
AIRFLOW_CTX_TRY_NUMBER=1
AIRFLOW_CTX_DAG_RUN_ID=manual__2023-01-09T10:20:15.542718+00:00
[2023-01-09T10:20:17.912+0000] {subprocess.py:63} INFO - Tmp dir root location: 
 /tmp
[2023-01-09T10:20:17.932+0000] {subprocess.py:75} INFO - Running command: ['/bin/bash', '-c', 'echo "ti_key=example_bash_operator__also_run_this__20230109"']
[2023-01-09T10:20:17.982+0000] {subprocess.py:86} INFO - Output:
[2023-01-09T10:20:17.986+0000] {subprocess.py:93} INFO - ti_key=example_bash_operator__also_run_this__20230109
[2023-01-09T10:20:17.989+0000] {subprocess.py:97} INFO - Command exited with return code 0
[2023-01-09T10:20:18.077+0000] {taskinstance.py:1327} INFO - Marking task as SUCCESS. dag_id=example_bash_operator, task_id=also_run_this, execution_date=20230109T102015, start_date=20230109T102017, end_date=20230109T102018
[2023-01-09T10:20:18.156+0000] {local_task_job.py:159} INFO - Task exited with return code 0
[2023-01-09T10:20:18.210+0000] {taskinstance.py:2582} INFO - 0 downstream tasks scheduled from follow-on schedule check
