[2023-01-03T10:51:24.499+0000] {taskinstance.py:1087} INFO - Dependencies all met for <TaskInstance: example_bash_operator.also_run_this manual__2023-01-03T10:51:20.499192+00:00 [queued]>
[2023-01-03T10:51:24.539+0000] {taskinstance.py:1087} INFO - Dependencies all met for <TaskInstance: example_bash_operator.also_run_this manual__2023-01-03T10:51:20.499192+00:00 [queued]>
[2023-01-03T10:51:24.543+0000] {taskinstance.py:1283} INFO - 
--------------------------------------------------------------------------------
[2023-01-03T10:51:24.543+0000] {taskinstance.py:1284} INFO - Starting attempt 1 of 1
[2023-01-03T10:51:24.544+0000] {taskinstance.py:1285} INFO - 
--------------------------------------------------------------------------------
[2023-01-03T10:51:24.677+0000] {taskinstance.py:1304} INFO - Executing <Task(BashOperator): also_run_this> on 2023-01-03 10:51:20.499192+00:00
[2023-01-03T10:51:24.699+0000] {standard_task_runner.py:55} INFO - Started process 1985 to run task
[2023-01-03T10:51:24.727+0000] {standard_task_runner.py:82} INFO - Running: ['***', 'tasks', 'run', 'example_bash_operator', 'also_run_this', 'manual__2023-01-03T10:51:20.499192+00:00', '--job-id', '8', '--raw', '--subdir', '/home/***/.local/lib/python3.7/site-packages/***/example_dags/example_bash_operator.py', '--cfg-path', '/tmp/tmpensxu6wz']
[2023-01-03T10:51:24.734+0000] {standard_task_runner.py:83} INFO - Job 8: Subtask also_run_this
[2023-01-03T10:51:25.008+0000] {task_command.py:389} INFO - Running <TaskInstance: example_bash_operator.also_run_this manual__2023-01-03T10:51:20.499192+00:00 [running]> on host 42006a8ba3a3
[2023-01-03T10:51:25.310+0000] {taskinstance.py:1513} INFO - Exporting the following env vars:
AIRFLOW_CTX_DAG_OWNER=***
AIRFLOW_CTX_DAG_ID=example_bash_operator
AIRFLOW_CTX_TASK_ID=also_run_this
AIRFLOW_CTX_EXECUTION_DATE=2023-01-03T10:51:20.499192+00:00
AIRFLOW_CTX_TRY_NUMBER=1
AIRFLOW_CTX_DAG_RUN_ID=manual__2023-01-03T10:51:20.499192+00:00
[2023-01-03T10:51:25.313+0000] {subprocess.py:63} INFO - Tmp dir root location: 
 /tmp
[2023-01-03T10:51:25.314+0000] {subprocess.py:75} INFO - Running command: ['/bin/bash', '-c', 'echo "ti_key=example_bash_operator__also_run_this__20230103"']
[2023-01-03T10:51:25.351+0000] {subprocess.py:86} INFO - Output:
[2023-01-03T10:51:25.353+0000] {subprocess.py:93} INFO - ti_key=example_bash_operator__also_run_this__20230103
[2023-01-03T10:51:25.354+0000] {subprocess.py:97} INFO - Command exited with return code 0
[2023-01-03T10:51:25.416+0000] {taskinstance.py:1327} INFO - Marking task as SUCCESS. dag_id=example_bash_operator, task_id=also_run_this, execution_date=20230103T105120, start_date=20230103T105124, end_date=20230103T105125
[2023-01-03T10:51:25.470+0000] {local_task_job.py:159} INFO - Task exited with return code 0
[2023-01-03T10:51:25.497+0000] {taskinstance.py:2582} INFO - 0 downstream tasks scheduled from follow-on schedule check
