[2023-01-03T10:51:24.362+0000] {taskinstance.py:1087} INFO - Dependencies all met for <TaskInstance: example_bash_operator.runme_0 manual__2023-01-03T10:51:20.499192+00:00 [queued]>
[2023-01-03T10:51:24.417+0000] {taskinstance.py:1087} INFO - Dependencies all met for <TaskInstance: example_bash_operator.runme_0 manual__2023-01-03T10:51:20.499192+00:00 [queued]>
[2023-01-03T10:51:24.419+0000] {taskinstance.py:1283} INFO - 
--------------------------------------------------------------------------------
[2023-01-03T10:51:24.426+0000] {taskinstance.py:1284} INFO - Starting attempt 1 of 1
[2023-01-03T10:51:24.430+0000] {taskinstance.py:1285} INFO - 
--------------------------------------------------------------------------------
[2023-01-03T10:51:24.489+0000] {taskinstance.py:1304} INFO - Executing <Task(BashOperator): runme_0> on 2023-01-03 10:51:20.499192+00:00
[2023-01-03T10:51:24.516+0000] {standard_task_runner.py:82} INFO - Running: ['***', 'tasks', 'run', 'example_bash_operator', 'runme_0', 'manual__2023-01-03T10:51:20.499192+00:00', '--job-id', '6', '--raw', '--subdir', '/home/***/.local/lib/python3.7/site-packages/***/example_dags/example_bash_operator.py', '--cfg-path', '/tmp/tmpn8fdua2h']
[2023-01-03T10:51:24.520+0000] {standard_task_runner.py:83} INFO - Job 6: Subtask runme_0
[2023-01-03T10:51:24.521+0000] {standard_task_runner.py:55} INFO - Started process 1980 to run task
[2023-01-03T10:51:24.798+0000] {task_command.py:389} INFO - Running <TaskInstance: example_bash_operator.runme_0 manual__2023-01-03T10:51:20.499192+00:00 [running]> on host 42006a8ba3a3
[2023-01-03T10:51:25.044+0000] {taskinstance.py:1513} INFO - Exporting the following env vars:
AIRFLOW_CTX_DAG_OWNER=***
AIRFLOW_CTX_DAG_ID=example_bash_operator
AIRFLOW_CTX_TASK_ID=runme_0
AIRFLOW_CTX_EXECUTION_DATE=2023-01-03T10:51:20.499192+00:00
AIRFLOW_CTX_TRY_NUMBER=1
AIRFLOW_CTX_DAG_RUN_ID=manual__2023-01-03T10:51:20.499192+00:00
[2023-01-03T10:51:25.050+0000] {subprocess.py:63} INFO - Tmp dir root location: 
 /tmp
[2023-01-03T10:51:25.061+0000] {subprocess.py:75} INFO - Running command: ['/bin/bash', '-c', 'echo "example_bash_operator__runme_0__20230103" && sleep 1']
[2023-01-03T10:51:25.134+0000] {subprocess.py:86} INFO - Output:
[2023-01-03T10:51:25.154+0000] {subprocess.py:93} INFO - example_bash_operator__runme_0__20230103
[2023-01-03T10:51:26.163+0000] {subprocess.py:97} INFO - Command exited with return code 0
[2023-01-03T10:51:26.209+0000] {taskinstance.py:1327} INFO - Marking task as SUCCESS. dag_id=example_bash_operator, task_id=runme_0, execution_date=20230103T105120, start_date=20230103T105124, end_date=20230103T105126
[2023-01-03T10:51:26.256+0000] {local_task_job.py:159} INFO - Task exited with return code 0
[2023-01-03T10:51:26.294+0000] {taskinstance.py:2582} INFO - 0 downstream tasks scheduled from follow-on schedule check
