[2023-01-03T10:51:45.865+0000] {taskinstance.py:1087} INFO - Dependencies all met for <TaskInstance: example_bash_operator.runme_2 manual__2023-01-03T10:51:43.705038+00:00 [queued]>
[2023-01-03T10:51:45.883+0000] {taskinstance.py:1087} INFO - Dependencies all met for <TaskInstance: example_bash_operator.runme_2 manual__2023-01-03T10:51:43.705038+00:00 [queued]>
[2023-01-03T10:51:45.890+0000] {taskinstance.py:1283} INFO - 
--------------------------------------------------------------------------------
[2023-01-03T10:51:45.891+0000] {taskinstance.py:1284} INFO - Starting attempt 1 of 1
[2023-01-03T10:51:45.916+0000] {taskinstance.py:1285} INFO - 
--------------------------------------------------------------------------------
[2023-01-03T10:51:45.970+0000] {taskinstance.py:1304} INFO - Executing <Task(BashOperator): runme_2> on 2023-01-03 10:51:43.705038+00:00
[2023-01-03T10:51:45.979+0000] {standard_task_runner.py:55} INFO - Started process 2030 to run task
[2023-01-03T10:51:45.985+0000] {standard_task_runner.py:82} INFO - Running: ['***', 'tasks', 'run', 'example_bash_operator', 'runme_2', 'manual__2023-01-03T10:51:43.705038+00:00', '--job-id', '16', '--raw', '--subdir', '/home/***/.local/lib/python3.7/site-packages/***/example_dags/example_bash_operator.py', '--cfg-path', '/tmp/tmppuvj5g5e']
[2023-01-03T10:51:46.028+0000] {standard_task_runner.py:83} INFO - Job 16: Subtask runme_2
[2023-01-03T10:51:46.168+0000] {task_command.py:389} INFO - Running <TaskInstance: example_bash_operator.runme_2 manual__2023-01-03T10:51:43.705038+00:00 [running]> on host 42006a8ba3a3
[2023-01-03T10:51:46.308+0000] {taskinstance.py:1513} INFO - Exporting the following env vars:
AIRFLOW_CTX_DAG_OWNER=***
AIRFLOW_CTX_DAG_ID=example_bash_operator
AIRFLOW_CTX_TASK_ID=runme_2
AIRFLOW_CTX_EXECUTION_DATE=2023-01-03T10:51:43.705038+00:00
AIRFLOW_CTX_TRY_NUMBER=1
AIRFLOW_CTX_DAG_RUN_ID=manual__2023-01-03T10:51:43.705038+00:00
[2023-01-03T10:51:46.314+0000] {subprocess.py:63} INFO - Tmp dir root location: 
 /tmp
[2023-01-03T10:51:46.324+0000] {subprocess.py:75} INFO - Running command: ['/bin/bash', '-c', 'echo "example_bash_operator__runme_2__20230103" && sleep 1']
[2023-01-03T10:51:46.349+0000] {subprocess.py:86} INFO - Output:
[2023-01-03T10:51:46.363+0000] {subprocess.py:93} INFO - example_bash_operator__runme_2__20230103
[2023-01-03T10:51:47.354+0000] {subprocess.py:97} INFO - Command exited with return code 0
[2023-01-03T10:51:47.391+0000] {taskinstance.py:1327} INFO - Marking task as SUCCESS. dag_id=example_bash_operator, task_id=runme_2, execution_date=20230103T105143, start_date=20230103T105145, end_date=20230103T105147
[2023-01-03T10:51:47.423+0000] {local_task_job.py:159} INFO - Task exited with return code 0
[2023-01-03T10:51:47.468+0000] {taskinstance.py:2582} INFO - 0 downstream tasks scheduled from follow-on schedule check
