[2023-01-03T10:52:04.810+0000] {taskinstance.py:1087} INFO - Dependencies all met for <TaskInstance: example_bash_operator.runme_1 manual__2023-01-03T10:52:03.472434+00:00 [queued]>
[2023-01-03T10:52:04.824+0000] {taskinstance.py:1087} INFO - Dependencies all met for <TaskInstance: example_bash_operator.runme_1 manual__2023-01-03T10:52:03.472434+00:00 [queued]>
[2023-01-03T10:52:04.825+0000] {taskinstance.py:1283} INFO - 
--------------------------------------------------------------------------------
[2023-01-03T10:52:04.825+0000] {taskinstance.py:1284} INFO - Starting attempt 1 of 1
[2023-01-03T10:52:04.826+0000] {taskinstance.py:1285} INFO - 
--------------------------------------------------------------------------------
[2023-01-03T10:52:04.857+0000] {taskinstance.py:1304} INFO - Executing <Task(BashOperator): runme_1> on 2023-01-03 10:52:03.472434+00:00
[2023-01-03T10:52:04.864+0000] {standard_task_runner.py:55} INFO - Started process 2077 to run task
[2023-01-03T10:52:04.870+0000] {standard_task_runner.py:82} INFO - Running: ['***', 'tasks', 'run', 'example_bash_operator', 'runme_1', 'manual__2023-01-03T10:52:03.472434+00:00', '--job-id', '22', '--raw', '--subdir', '/home/***/.local/lib/python3.7/site-packages/***/example_dags/example_bash_operator.py', '--cfg-path', '/tmp/tmpkc92d5zq']
[2023-01-03T10:52:04.872+0000] {standard_task_runner.py:83} INFO - Job 22: Subtask runme_1
[2023-01-03T10:52:04.968+0000] {task_command.py:389} INFO - Running <TaskInstance: example_bash_operator.runme_1 manual__2023-01-03T10:52:03.472434+00:00 [running]> on host 42006a8ba3a3
[2023-01-03T10:52:05.081+0000] {taskinstance.py:1513} INFO - Exporting the following env vars:
AIRFLOW_CTX_DAG_OWNER=***
AIRFLOW_CTX_DAG_ID=example_bash_operator
AIRFLOW_CTX_TASK_ID=runme_1
AIRFLOW_CTX_EXECUTION_DATE=2023-01-03T10:52:03.472434+00:00
AIRFLOW_CTX_TRY_NUMBER=1
AIRFLOW_CTX_DAG_RUN_ID=manual__2023-01-03T10:52:03.472434+00:00
[2023-01-03T10:52:05.083+0000] {subprocess.py:63} INFO - Tmp dir root location: 
 /tmp
[2023-01-03T10:52:05.085+0000] {subprocess.py:75} INFO - Running command: ['/bin/bash', '-c', 'echo "example_bash_operator__runme_1__20230103" && sleep 1']
[2023-01-03T10:52:05.101+0000] {subprocess.py:86} INFO - Output:
[2023-01-03T10:52:05.104+0000] {subprocess.py:93} INFO - example_bash_operator__runme_1__20230103
[2023-01-03T10:52:06.107+0000] {subprocess.py:97} INFO - Command exited with return code 0
[2023-01-03T10:52:06.139+0000] {taskinstance.py:1327} INFO - Marking task as SUCCESS. dag_id=example_bash_operator, task_id=runme_1, execution_date=20230103T105203, start_date=20230103T105204, end_date=20230103T105206
[2023-01-03T10:52:06.206+0000] {local_task_job.py:159} INFO - Task exited with return code 0
[2023-01-03T10:52:06.243+0000] {taskinstance.py:2582} INFO - 0 downstream tasks scheduled from follow-on schedule check
