[2023-01-10T09:00:05.996+0000] {taskinstance.py:1087} INFO - Dependencies all met for <TaskInstance: example_bash_operator.runme_2 scheduled__2023-01-09T00:00:00+00:00 [queued]>
[2023-01-10T09:00:06.028+0000] {taskinstance.py:1087} INFO - Dependencies all met for <TaskInstance: example_bash_operator.runme_2 scheduled__2023-01-09T00:00:00+00:00 [queued]>
[2023-01-10T09:00:06.030+0000] {taskinstance.py:1283} INFO - 
--------------------------------------------------------------------------------
[2023-01-10T09:00:06.031+0000] {taskinstance.py:1284} INFO - Starting attempt 1 of 1
[2023-01-10T09:00:06.033+0000] {taskinstance.py:1285} INFO - 
--------------------------------------------------------------------------------
[2023-01-10T09:00:06.118+0000] {taskinstance.py:1304} INFO - Executing <Task(BashOperator): runme_2> on 2023-01-09 00:00:00+00:00
[2023-01-10T09:00:06.136+0000] {standard_task_runner.py:55} INFO - Started process 16249 to run task
[2023-01-10T09:00:06.168+0000] {standard_task_runner.py:82} INFO - Running: ['***', 'tasks', 'run', 'example_bash_operator', 'runme_2', 'scheduled__2023-01-09T00:00:00+00:00', '--job-id', '69', '--raw', '--subdir', '/home/***/.local/lib/python3.7/site-packages/***/example_dags/example_bash_operator.py', '--cfg-path', '/tmp/tmpkutw2r7m']
[2023-01-10T09:00:06.175+0000] {standard_task_runner.py:83} INFO - Job 69: Subtask runme_2
[2023-01-10T09:00:06.417+0000] {task_command.py:389} INFO - Running <TaskInstance: example_bash_operator.runme_2 scheduled__2023-01-09T00:00:00+00:00 [running]> on host 42006a8ba3a3
[2023-01-10T09:00:06.768+0000] {taskinstance.py:1513} INFO - Exporting the following env vars:
AIRFLOW_CTX_DAG_OWNER=***
AIRFLOW_CTX_DAG_ID=example_bash_operator
AIRFLOW_CTX_TASK_ID=runme_2
AIRFLOW_CTX_EXECUTION_DATE=2023-01-09T00:00:00+00:00
AIRFLOW_CTX_TRY_NUMBER=1
AIRFLOW_CTX_DAG_RUN_ID=scheduled__2023-01-09T00:00:00+00:00
[2023-01-10T09:00:06.778+0000] {subprocess.py:63} INFO - Tmp dir root location: 
 /tmp
[2023-01-10T09:00:06.780+0000] {subprocess.py:75} INFO - Running command: ['/bin/bash', '-c', 'echo "example_bash_operator__runme_2__20230109" && sleep 1']
[2023-01-10T09:00:06.805+0000] {subprocess.py:86} INFO - Output:
[2023-01-10T09:00:06.811+0000] {subprocess.py:93} INFO - example_bash_operator__runme_2__20230109
[2023-01-10T09:00:07.817+0000] {subprocess.py:97} INFO - Command exited with return code 0
[2023-01-10T09:00:07.890+0000] {taskinstance.py:1327} INFO - Marking task as SUCCESS. dag_id=example_bash_operator, task_id=runme_2, execution_date=20230109T000000, start_date=20230110T090006, end_date=20230110T090007
[2023-01-10T09:00:07.955+0000] {local_task_job.py:159} INFO - Task exited with return code 0
[2023-01-10T09:00:08.033+0000] {taskinstance.py:2582} INFO - 0 downstream tasks scheduled from follow-on schedule check
