[2023-01-07T01:16:20.053+0000] {taskinstance.py:1087} INFO - Dependencies all met for <TaskInstance: example_bash_operator.also_run_this scheduled__2023-01-06T00:00:00+00:00 [queued]>
[2023-01-07T01:16:20.089+0000] {taskinstance.py:1087} INFO - Dependencies all met for <TaskInstance: example_bash_operator.also_run_this scheduled__2023-01-06T00:00:00+00:00 [queued]>
[2023-01-07T01:16:20.092+0000] {taskinstance.py:1283} INFO - 
--------------------------------------------------------------------------------
[2023-01-07T01:16:20.093+0000] {taskinstance.py:1284} INFO - Starting attempt 1 of 1
[2023-01-07T01:16:20.093+0000] {taskinstance.py:1285} INFO - 
--------------------------------------------------------------------------------
[2023-01-07T01:16:20.168+0000] {taskinstance.py:1304} INFO - Executing <Task(BashOperator): also_run_this> on 2023-01-06 00:00:00+00:00
[2023-01-07T01:16:20.190+0000] {standard_task_runner.py:55} INFO - Started process 83769 to run task
[2023-01-07T01:16:20.217+0000] {standard_task_runner.py:82} INFO - Running: ['***', 'tasks', 'run', 'example_bash_operator', 'also_run_this', 'scheduled__2023-01-06T00:00:00+00:00', '--job-id', '46', '--raw', '--subdir', '/home/***/.local/lib/python3.7/site-packages/***/example_dags/example_bash_operator.py', '--cfg-path', '/tmp/tmp7x54cv9w']
[2023-01-07T01:16:20.220+0000] {standard_task_runner.py:83} INFO - Job 46: Subtask also_run_this
[2023-01-07T01:16:20.527+0000] {task_command.py:389} INFO - Running <TaskInstance: example_bash_operator.also_run_this scheduled__2023-01-06T00:00:00+00:00 [running]> on host 42006a8ba3a3
[2023-01-07T01:16:20.782+0000] {taskinstance.py:1513} INFO - Exporting the following env vars:
AIRFLOW_CTX_DAG_OWNER=***
AIRFLOW_CTX_DAG_ID=example_bash_operator
AIRFLOW_CTX_TASK_ID=also_run_this
AIRFLOW_CTX_EXECUTION_DATE=2023-01-06T00:00:00+00:00
AIRFLOW_CTX_TRY_NUMBER=1
AIRFLOW_CTX_DAG_RUN_ID=scheduled__2023-01-06T00:00:00+00:00
[2023-01-07T01:16:20.788+0000] {subprocess.py:63} INFO - Tmp dir root location: 
 /tmp
[2023-01-07T01:16:20.792+0000] {subprocess.py:75} INFO - Running command: ['/bin/bash', '-c', 'echo "ti_key=example_bash_operator__also_run_this__20230106"']
[2023-01-07T01:16:20.817+0000] {subprocess.py:86} INFO - Output:
[2023-01-07T01:16:20.823+0000] {subprocess.py:93} INFO - ti_key=example_bash_operator__also_run_this__20230106
[2023-01-07T01:16:20.828+0000] {subprocess.py:97} INFO - Command exited with return code 0
[2023-01-07T01:16:20.879+0000] {taskinstance.py:1327} INFO - Marking task as SUCCESS. dag_id=example_bash_operator, task_id=also_run_this, execution_date=20230106T000000, start_date=20230107T011620, end_date=20230107T011620
[2023-01-07T01:16:20.960+0000] {local_task_job.py:159} INFO - Task exited with return code 0
[2023-01-07T01:16:21.067+0000] {taskinstance.py:2582} INFO - 0 downstream tasks scheduled from follow-on schedule check
